<?xml version="1.0" encoding="UTF-8"?>
<testng-results skipped="0" failed="0" ignored="0" total="1" passed="1">
  <reporter-output>
  </reporter-output>
  <suite name="Test" duration-ms="8929" started-at="2019-07-26T13:00:43Z" finished-at="2019-07-26T13:00:52Z">
    <groups>
    </groups>
    <test name="Command line test" duration-ms="8929" started-at="2019-07-26T13:00:43Z" finished-at="2019-07-26T13:00:52Z">
      <class name="Test">
        <test-method status="PASS" signature="test()[pri:0, instance:Test@6442b0a6]" name="test" duration-ms="8891" started-at="2019-07-26T13:00:43Z" finished-at="2019-07-26T13:00:52Z">
          <reporter-output>
          </reporter-output>
        </test-method> <!-- test -->
      </class> <!-- Test -->
    </test> <!-- Command line test -->
  </suite> <!-- Test -->
</testng-results>
